Tech node (nm), Capacity (bytes), Number of banks, Associativity, Output width (bits), Access time (ns), Random cycle time (ns), Dynamic search energy (nJ), Dynamic read energy (nJ), Dynamic write energy (nJ), Standby leakage per bank(mW), Area (mm2), Ndwl, Ndbl, Nspd, Ndcm, Ndsam_level_1, Ndsam_level_2, Data arrary area efficiency %, Ntwl, Ntbl, Ntspd, Ntcm, Ntsam_level_1, Ntsam_level_2, Tag arrary area efficiency %, 
90, 4096, 1, 2, 512, 0.910786, 1.34106, N/A, 0.175814, 0.181995, 2.55632, 0.321735, 2, 2, 1, 2, 2, 1, 14.0988, 2, 2, 0.5, 1, 1, 1, 63.3894, 
90, 8192, 1, 2, 512, 0.959, 1.3468, N/A, 0.180072, 0.195873, 4.57625, 0.372, 2, 2, 1, 2, 2, 1, 24.4132, 2, 2, 0.5, 1, 2, 1, 69.1373, 
90, 32768, 1, 2, 512, 1.0104, 1.45636, N/A, 0.206864, 0.282094, 16.5534, 0.735189, 2, 2, 1, 2, 2, 1, 54.2619, 2, 2, 2, 1, 4, 1, 71.0415, 
90, 32768, 1, 2, 512, 1.16901, 1.86336, N/A, 0.281232, 0.378924, 20.7385, 1.71123, 2, 2, 1, 2, 2, 1, 47.1357, 2, 2, 2, 1, 4, 1, 70.4152, 
90, 4096, 1, 2, 512, 1.05555, 1.69808, N/A, 0.242971, 0.253284, 3.22719, 0.862014, 2, 2, 1, 2, 2, 1, 10.6095, 2, 2, 0.5, 1, 1, 1, 62.9609, 
90, 4096, 1, 2, 512, 1.05555, 1.69808, N/A, 0.242971, 0.253284, 3.22719, 0.862014, 2, 2, 1, 2, 2, 1, 10.6095, 2, 2, 0.5, 1, 1, 1, 62.9609, 
90, 65536, 1, 2, 512, 1.37576, 2.03861, N/A, 0.320108, 0.523408, 40.5341, 2.56459, 2, 2, 1, 2, 2, 1, 62.6222, 2, 2, 2, 1, 4, 1, 75.2884, 
90, 4096, 1, 2, 512, 1.05555, 1.69808, N/A, 0.242971, 0.253284, 3.22719, 0.862014, 2, 2, 1, 2, 2, 1, 10.6095, 2, 2, 0.5, 1, 1, 1, 62.9609, 
28, 4096, 1, 2, 512, 0.361689, 0.739528, N/A, 0.0340552, 0.0336719, 3.74184, 0.0877294, 2, 2, 1, 1, 2, 2, 10.5012, 2, 2, 1, 1, 2, 1, 48.5289, 
28, 65536, 1, 2, 512, 0.527328, 0.910531, N/A, 0.0470498, 0.0701024, 43.3638, 0.248266, 2, 2, 1, 2, 2, 1, 62.6033, 2, 2, 2, 1, 4, 1, 75.384, 
28, 65536, 1, 2, 512, 0.527328, 0.910531, N/A, 0.0470498, 0.0701024, 43.3638, 0.248266, 2, 2, 1, 2, 2, 1, 62.6033, 2, 2, 2, 1, 4, 1, 75.384, 
28, 65536, 1, 2, 512, 0.527328, 0.910531, N/A, 0.0470498, 0.0701024, 43.3638, 0.248266, 2, 2, 1, 2, 2, 1, 62.6033, 2, 2, 2, 1, 4, 1, 75.384, 
28, 4096, 1, 2, 512, 0.361689, 0.739528, N/A, 0.0340552, 0.0336719, 3.74184, 0.0877294, 2, 2, 1, 1, 2, 2, 10.5012, 2, 2, 1, 1, 2, 1, 48.5289, 
28, 4096, 1, 2, 512, 0.306573, 0.739528, N/A, 0.0335552, 0.0330477, 3.40872, 0.0809148, 2, 2, 1, 1, 2, 2, 10.5012, N/A, N/A, N/A, N/A, N/A, N/A, N/A, 
90, 4096, 1, 2, 512, 0.859798, 1.68398, N/A, 0.246851, 0.242307, 3.01006, 0.834636, 2, 2, 1, 1, 2, 2, 10.5181, N/A, N/A, N/A, N/A, N/A, N/A, N/A, 
90, 4096, 1, 2, 512, 0.704045, 1.33056, N/A, 0.180161, 0.172952, 2.37947, 0.314892, 2, 2, 1, 1, 2, 2, 13.8445, N/A, N/A, N/A, N/A, N/A, N/A, N/A, 
90, 4096, 1, 2, 512, 0.704045, 1.33056, N/A, 0.180161, 0.172952, 2.37947, 0.314892, 2, 2, 1, 1, 2, 2, 13.8445, N/A, N/A, N/A, N/A, N/A, N/A, N/A, 
90, 4096, 1, 2, 512, 0.691651, 1.26716, N/A, 0.183882, 0.17695, 2.39339, 0.314765, 2, 2, 1, 1, 2, 2, 13.8501, N/A, N/A, N/A, N/A, N/A, N/A, N/A, 
90, 4096, 1, 2, 512, 0.691651, 1.26716, N/A, 0.183882, 0.17695, 2.39339, 0.314765, 2, 2, 1, 1, 2, 2, 13.8501, N/A, N/A, N/A, N/A, N/A, N/A, N/A, 
90, 4096, 1, 2, 512, 0.691651, 1.26716, N/A, 0.183882, 0.17695, 2.39339, 0.314765, 2, 2, 1, 1, 2, 2, 13.8501, N/A, N/A, N/A, N/A, N/A, N/A, N/A, 
90, 4096, 1, 2, 512, 0.691651, 1.26716, N/A, 0.183882, 0.17695, 2.39339, 0.314765, 2, 2, 1, 1, 2, 2, 13.8501, N/A, N/A, N/A, N/A, N/A, N/A, N/A, 
90, 4096, 1, 2, 512, 0.691651, 1.26716, N/A, 0.183882, 0.17695, 2.39339, 0.314765, 2, 2, 1, 1, 2, 2, 13.8501, N/A, N/A, N/A, N/A, N/A, N/A, N/A, 
90, 4096, 1, 2, 16, 0.669418, 0.518919, N/A, 0.00824659, 0.007745, 2.39898, 0.0580264, 2, 2, 0.125, 8, 2, 1, 75.1302, N/A, N/A, N/A, N/A, N/A, N/A, N/A, 
28, 4096, 1, 2, 16, 0.139646, 0.127328, N/A, 0.00151977, 0.00101945, 2.43111, 0.00600493, 2, 2, 0.25, 16, 2, 1, 70.2689, N/A, N/A, N/A, N/A, N/A, N/A, N/A, 
28, 4096, 1, 2, 16, 0.170815, 0.13585, N/A, 0.0014483, 0.00160014, 2.82616, 0.00724155, 2, 2, 0.125, 8, 2, 1, 75.2588, 2, 2, 0.5, 1, 1, 1, 63.1441, 
28, 4096, 1, 2, 512, 0.274474, 0.517437, N/A, 0.0236462, 0.0243691, 2.84701, 0.0312318, 2, 2, 1, 2, 2, 1, 14.0593, 2, 2, 0.5, 1, 1, 1, 63.1441, 
28, 4096, 2, 2, 16, 0.179795, 0.130422, N/A, 0.00104946, 0.00140296, 1.28659, 0.00913613, 2, 2, 0.0625, 4, 2, 1, 72.4156, 2, 2, 0.5, 1, 1, 1, 42.124, 
28, 4096, 1, 2, 512, 0.274474, 0.517437, N/A, 0.0236462, 0.0243691, 2.84701, 0.0312318, 2, 2, 1, 2, 2, 1, 14.0593, 2, 2, 0.5, 1, 1, 1, 63.1441, 
28, 4096, 1, 2, 512, 0.274474, 0.517437, N/A, 0.0236462, 0.0243691, 2.84701, 0.0312318, 2, 2, 1, 2, 2, 1, 14.0593, 2, 2, 0.5, 1, 1, 1, 63.1441, 
28, 4096, 1, 2, 32, 0.167091, 0.165034, N/A, 0.00258063, 0.00235987, 3.34471, 0.0164264, 2, 2, 0.25, 8, 2, 1, 67.3012, 2, 2, 1, 1, 2, 1, 48.5289, 
28, 65536, 1, 2, 32, 0.550199, 0.338671, N/A, 0.0102672, 0.00911476, 45.8143, 0.231719, 2, 8, 0.5, 16, 2, 1, 73.8159, 2, 2, 2, 1, 4, 1, 75.384, 
